[90m6:01PM[0m [32mINF[0m [1m🐶 K9s starting up...[0m
[90m6:01PM[0m [31mERR[0m [1mFail to locate metrics-server[0m [36merror=[0m[31m[1m"No metrics api group metrics.k8s.io found on cluster"[0m[0m
[90m6:01PM[0m [32mINF[0m [1m✅ Kubernetes connectivity[0m
[90m6:16PM[0m [32mINF[0m [1m🐶 K9s starting up...[0m
[90m6:16PM[0m [31mERR[0m [1mFail to locate metrics-server[0m [36merror=[0m[31m[1m"No metrics api group metrics.k8s.io found on cluster"[0m[0m
[90m6:16PM[0m [32mINF[0m [1m✅ Kubernetes connectivity[0m
[90m9:33AM[0m [33mWRN[0m [1mlog-reader EOF[0m [36merror=[0m[31m[1m"Stream closed EOF for default/gateway-7bdf6c4fdd-9s88n (gateway)"[0m[0m
[90m9:35AM[0m [32mINF[0m [1m🐶 K9s starting up...[0m
[90m9:35AM[0m [31mERR[0m [1mFail to locate metrics-server[0m [36merror=[0m[31m[1m"No metrics api group metrics.k8s.io found on cluster"[0m[0m
[90m9:35AM[0m [32mINF[0m [1m✅ Kubernetes connectivity[0m
[90m9:35AM[0m [33mWRN[0m [1mlog-reader EOF[0m [36merror=[0m[31m[1m"Stream closed EOF for default/gateway-7bdf6c4fdd-9s88n (gateway)"[0m[0m
[90m9:42AM[0m [32mINF[0m [1m🐶 K9s starting up...[0m
[90m9:42AM[0m [31mERR[0m [1mFail to locate metrics-server[0m [36merror=[0m[31m[1m"No metrics api group metrics.k8s.io found on cluster"[0m[0m
[90m9:42AM[0m [32mINF[0m [1m✅ Kubernetes connectivity[0m
[90m9:42AM[0m [33mWRN[0m [1mlog-reader EOF[0m [36merror=[0m[31m[1m"Stream closed EOF for default/gateway-7bdf6c4fdd-9s88n (gateway)"[0m[0m
[90m9:45AM[0m [32mINF[0m [1m🐶 K9s starting up...[0m
[90m9:45AM[0m [31mERR[0m [1mFail to locate metrics-server[0m [36merror=[0m[31m[1m"No metrics api group metrics.k8s.io found on cluster"[0m[0m
[90m9:45AM[0m [32mINF[0m [1m✅ Kubernetes connectivity[0m
[90m9:45AM[0m [33mWRN[0m [1mlog-reader EOF[0m [36merror=[0m[31m[1m"Stream closed EOF for default/gateway-7bdf6c4fdd-9s88n (gateway)"[0m[0m
[90m9:45AM[0m [32mINF[0m [1m🐶 K9s starting up...[0m
[90m9:45AM[0m [31mERR[0m [1mFail to locate metrics-server[0m [36merror=[0m[31m[1m"No metrics api group metrics.k8s.io found on cluster"[0m[0m
[90m9:45AM[0m [32mINF[0m [1m✅ Kubernetes connectivity[0m
[90m9:46AM[0m [33mWRN[0m [1mlog-reader EOF[0m [36merror=[0m[31m[1m"Stream closed EOF for default/gateway-7bdf6c4fdd-9s88n (gateway)"[0m[0m
[90m9:47AM[0m [32mINF[0m [1m🐶 K9s starting up...[0m
[90m9:47AM[0m [31mERR[0m [1mFail to locate metrics-server[0m [36merror=[0m[31m[1m"No metrics api group metrics.k8s.io found on cluster"[0m[0m
[90m9:47AM[0m [32mINF[0m [1m✅ Kubernetes connectivity[0m
[90m9:47AM[0m [33mWRN[0m [1mlog-reader EOF[0m [36merror=[0m[31m[1m"Stream closed EOF for default/gateway-7bdf6c4fdd-9s88n (gateway)"[0m[0m
[90m9:48AM[0m [32mINF[0m [1m🐶 K9s starting up...[0m
[90m9:48AM[0m [31mERR[0m [1mFail to locate metrics-server[0m [36merror=[0m[31m[1m"No metrics api group metrics.k8s.io found on cluster"[0m[0m
[90m9:48AM[0m [32mINF[0m [1m✅ Kubernetes connectivity[0m
[90m9:50AM[0m [32mINF[0m [1m🐶 K9s starting up...[0m
[90m9:50AM[0m [31mERR[0m [1mFail to locate metrics-server[0m [36merror=[0m[31m[1m"No metrics api group metrics.k8s.io found on cluster"[0m[0m
[90m9:50AM[0m [32mINF[0m [1m✅ Kubernetes connectivity[0m
[90m9:50AM[0m [33mWRN[0m [1mlog-reader EOF[0m [36merror=[0m[31m[1m"Stream closed EOF for default/gateway-7bdf6c4fdd-9s88n (gateway)"[0m[0m
[90m9:56AM[0m [32mINF[0m [1m🐶 K9s starting up...[0m
[90m9:56AM[0m [31mERR[0m [1mFail to locate metrics-server[0m [36merror=[0m[31m[1m"No metrics api group metrics.k8s.io found on cluster"[0m[0m
[90m9:56AM[0m [32mINF[0m [1m✅ Kubernetes connectivity[0m
[90m9:56AM[0m [33mWRN[0m [1mlog-reader EOF[0m [36merror=[0m[31m[1m"Stream closed EOF for default/gateway-7bdf6c4fdd-9s88n (gateway)"[0m[0m
[90m9:58AM[0m [32mINF[0m [1m🐶 K9s starting up...[0m
[90m9:58AM[0m [31mERR[0m [1mFail to locate metrics-server[0m [36merror=[0m[31m[1m"No metrics api group metrics.k8s.io found on cluster"[0m[0m
[90m9:58AM[0m [32mINF[0m [1m✅ Kubernetes connectivity[0m
[90m9:58AM[0m [33mWRN[0m [1mlog-reader EOF[0m [36merror=[0m[31m[1m"Stream closed EOF for default/gateway-7bdf6c4fdd-9s88n (gateway)"[0m[0m
[90m10:00AM[0m [32mINF[0m [1m🐶 K9s starting up...[0m
[90m10:00AM[0m [31mERR[0m [1mFail to locate metrics-server[0m [36merror=[0m[31m[1m"No metrics api group metrics.k8s.io found on cluster"[0m[0m
[90m10:00AM[0m [32mINF[0m [1m✅ Kubernetes connectivity[0m
